2024/02/11 20:33:01 [warn] 1#1: conflicting server name "localhost" on 0.0.0.0:80, ignored
2024/02/11 20:33:01 [notice] 1#1: using the "epoll" event method
2024/02/11 20:33:01 [notice] 1#1: nginx/1.25.3
2024/02/11 20:33:01 [notice] 1#1: built by gcc 12.2.1 20220924 (Alpine 12.2.1_git20220924-r10) 
2024/02/11 20:33:01 [notice] 1#1: OS: Linux 6.6.12-linuxkit
2024/02/11 20:33:01 [notice] 1#1: getrlimit(RLIMIT_NOFILE): 1048576:1048576
2024/02/11 20:33:01 [notice] 1#1: start worker processes
2024/02/11 20:33:01 [notice] 1#1: start worker process 30
2024/02/11 20:33:01 [notice] 1#1: start worker process 31
2024/02/11 20:33:01 [notice] 1#1: start worker process 32
2024/02/11 20:33:01 [notice] 1#1: start worker process 33
2024/02/11 20:33:01 [notice] 1#1: start worker process 34
2024/02/11 20:33:01 [notice] 1#1: start worker process 35
2024/02/11 20:33:01 [notice] 1#1: start worker process 36
2024/02/11 20:33:01 [notice] 1#1: start worker process 37
2024/02/11 20:33:01 [notice] 1#1: start worker process 38
2024/02/11 20:33:01 [notice] 1#1: start worker process 39
2024/02/11 20:33:01 [warn] 1#1: conflicting server name "localhost" on 0.0.0.0:80, ignored
2024/02/11 20:33:01 [notice] 1#1: using the "epoll" event method
2024/02/11 20:33:01 [notice] 1#1: nginx/1.25.3
2024/02/11 20:33:01 [notice] 1#1: built by gcc 12.2.1 20220924 (Alpine 12.2.1_git20220924-r10) 
2024/02/11 20:33:01 [notice] 1#1: OS: Linux 6.6.12-linuxkit
2024/02/11 20:33:01 [notice] 1#1: getrlimit(RLIMIT_NOFILE): 1048576:1048576
2024/02/11 20:33:01 [notice] 1#1: start worker processes
2024/02/11 20:33:01 [notice] 1#1: start worker process 30
2024/02/11 20:33:01 [notice] 1#1: start worker process 31
2024/02/11 20:33:01 [notice] 1#1: start worker process 32
2024/02/11 20:33:01 [notice] 1#1: start worker process 33
2024/02/11 20:33:01 [notice] 1#1: start worker process 34
2024/02/11 20:33:01 [notice] 1#1: start worker process 35
2024/02/11 20:33:01 [notice] 1#1: start worker process 36
2024/02/11 20:33:01 [notice] 1#1: start worker process 37
2024/02/11 20:33:01 [notice] 1#1: start worker process 38
2024/02/11 20:33:01 [notice] 1#1: start worker process 39
2024/02/11 20:33:08 [error] 30#30: *1 rewrite or internal redirection cycle while internally redirecting to "/index.html", client: 192.168.65.1, server: localhost, request: "GET / HTTP/1.1", host: "localhost:8001"
2024/02/11 20:34:48 [notice] 1#1: signal 3 (SIGQUIT) received, shutting down
2024/02/11 20:34:48 [notice] 30#30: gracefully shutting down
2024/02/11 20:34:48 [notice] 31#31: gracefully shutting down
2024/02/11 20:34:48 [notice] 31#31: exiting
2024/02/11 20:34:48 [notice] 1#1: signal 3 (SIGQUIT) received, shutting down
2024/02/11 20:34:48 [notice] 34#34: gracefully shutting down
2024/02/11 20:34:48 [notice] 30#30: gracefully shutting down
2024/02/11 20:34:48 [notice] 30#30: exiting
2024/02/11 20:34:48 [notice] 34#34: exiting
2024/02/11 20:34:48 [notice] 31#31: gracefully shutting down
2024/02/11 20:34:48 [notice] 35#35: gracefully shutting down
2024/02/11 20:34:48 [notice] 31#31: exiting
2024/02/11 20:34:48 [notice] 32#32: gracefully shutting down
2024/02/11 20:34:48 [notice] 33#33: gracefully shutting down
2024/02/11 20:34:48 [notice] 39#39: gracefully shutting down
2024/02/11 20:34:48 [notice] 33#33: exiting
2024/02/11 20:34:48 [notice] 38#38: gracefully shutting down
2024/02/11 20:34:48 [notice] 35#35: gracefully shutting down
2024/02/11 20:34:48 [notice] 38#38: exiting
2024/02/11 20:34:48 [notice] 37#37: gracefully shutting down
2024/02/11 20:34:48 [notice] 37#37: gracefully shutting down
2024/02/11 20:34:48 [notice] 36#36: gracefully shutting down
2024/02/11 20:34:48 [notice] 36#36: gracefully shutting down
2024/02/11 20:34:48 [notice] 38#38: gracefully shutting down
2024/02/11 20:34:48 [notice] 33#33: gracefully shutting down
2024/02/11 20:34:48 [notice] 39#39: gracefully shutting down
2024/02/11 20:34:48 [notice] 30#30: exiting
2024/02/11 20:34:48 [notice] 34#34: gracefully shutting down
2024/02/11 20:34:48 [notice] 31#31: exit
2024/02/11 20:34:48 [notice] 34#34: exiting
2024/02/11 20:34:48 [notice] 34#34: exit
2024/02/11 20:34:48 [notice] 32#32: gracefully shutting down
2024/02/11 20:34:48 [notice] 35#35: exiting
2024/02/11 20:34:48 [notice] 30#30: exit
2024/02/11 20:34:48 [notice] 32#32: exiting
2024/02/11 20:34:48 [notice] 31#31: exit
2024/02/11 20:34:48 [notice] 39#39: exiting
2024/02/11 20:34:48 [notice] 33#33: exit
2024/02/11 20:34:48 [notice] 38#38: exit
2024/02/11 20:34:48 [notice] 35#35: exiting
2024/02/11 20:34:48 [notice] 37#37: exiting
2024/02/11 20:34:48 [notice] 37#37: exiting
2024/02/11 20:34:48 [notice] 36#36: exiting
2024/02/11 20:34:48 [notice] 36#36: exiting
2024/02/11 20:34:48 [notice] 33#33: exiting
2024/02/11 20:34:48 [notice] 38#38: exiting
2024/02/11 20:34:48 [notice] 30#30: exit
2024/02/11 20:34:48 [notice] 39#39: exiting
2024/02/11 20:34:48 [notice] 35#35: exit
2024/02/11 20:34:48 [notice] 34#34: exit
2024/02/11 20:34:48 [notice] 32#32: exit
2024/02/11 20:34:48 [notice] 32#32: exiting
2024/02/11 20:34:48 [notice] 39#39: exit
2024/02/11 20:34:48 [notice] 35#35: exit
2024/02/11 20:34:48 [notice] 37#37: exit
2024/02/11 20:34:48 [notice] 37#37: exit
2024/02/11 20:34:48 [notice] 36#36: exit
2024/02/11 20:34:48 [notice] 36#36: exit
2024/02/11 20:34:48 [notice] 33#33: exit
2024/02/11 20:34:48 [notice] 38#38: exit
2024/02/11 20:34:48 [notice] 39#39: exit
2024/02/11 20:34:48 [notice] 32#32: exit
2024/02/11 20:34:48 [notice] 1#1: signal 17 (SIGCHLD) received from 33
2024/02/11 20:34:48 [notice] 1#1: worker process 30 exited with code 0
2024/02/11 20:34:48 [notice] 1#1: worker process 32 exited with code 0
2024/02/11 20:34:48 [notice] 1#1: worker process 33 exited with code 0
2024/02/11 20:34:48 [notice] 1#1: worker process 34 exited with code 0
2024/02/11 20:34:48 [notice] 1#1: worker process 35 exited with code 0
2024/02/11 20:34:48 [notice] 1#1: worker process 38 exited with code 0
2024/02/11 20:34:48 [notice] 1#1: worker process 39 exited with code 0
2024/02/11 20:34:48 [notice] 1#1: signal 17 (SIGCHLD) received from 34
2024/02/11 20:34:48 [notice] 1#1: worker process 30 exited with code 0
2024/02/11 20:34:48 [notice] 1#1: worker process 31 exited with code 0
2024/02/11 20:34:48 [notice] 1#1: worker process 34 exited with code 0
2024/02/11 20:34:48 [notice] 1#1: worker process 36 exited with code 0
2024/02/11 20:34:48 [notice] 1#1: worker process 37 exited with code 0
2024/02/11 20:34:48 [notice] 1#1: signal 29 (SIGIO) received
2024/02/11 20:34:48 [notice] 1#1: signal 17 (SIGCHLD) received from 35
2024/02/11 20:34:48 [notice] 1#1: signal 29 (SIGIO) received
2024/02/11 20:34:48 [notice] 1#1: signal 17 (SIGCHLD) received from 36
2024/02/11 20:34:48 [notice] 1#1: signal 17 (SIGCHLD) received from 31
2024/02/11 20:34:48 [notice] 1#1: signal 17 (SIGCHLD) received from 35
2024/02/11 20:34:48 [notice] 1#1: worker process 33 exited with code 0
2024/02/11 20:34:48 [notice] 1#1: worker process 35 exited with code 0
2024/02/11 20:34:48 [notice] 1#1: signal 29 (SIGIO) received
2024/02/11 20:34:48 [notice] 1#1: signal 17 (SIGCHLD) received from 33
2024/02/11 20:34:48 [notice] 1#1: worker process 31 exited with code 0
2024/02/11 20:34:48 [notice] 1#1: worker process 36 exited with code 0
2024/02/11 20:34:48 [notice] 1#1: worker process 37 exited with code 0
2024/02/11 20:34:48 [notice] 1#1: exit
2024/02/11 20:34:48 [notice] 1#1: signal 17 (SIGCHLD) received from 32
2024/02/11 20:34:48 [notice] 1#1: worker process 32 exited with code 0
2024/02/11 20:34:48 [notice] 1#1: worker process 38 exited with code 0
2024/02/11 20:34:48 [notice] 1#1: worker process 39 exited with code 0
2024/02/11 20:34:48 [notice] 1#1: exit
2024/02/11 20:35:01 [warn] 1#1: conflicting server name "localhost" on 0.0.0.0:80, ignored
2024/02/11 20:35:01 [notice] 1#1: using the "epoll" event method
2024/02/11 20:35:01 [notice] 1#1: nginx/1.25.3
2024/02/11 20:35:01 [notice] 1#1: built by gcc 12.2.1 20220924 (Alpine 12.2.1_git20220924-r10) 
2024/02/11 20:35:01 [notice] 1#1: OS: Linux 6.6.12-linuxkit
2024/02/11 20:35:01 [notice] 1#1: getrlimit(RLIMIT_NOFILE): 1048576:1048576
2024/02/11 20:35:01 [notice] 1#1: start worker processes
2024/02/11 20:35:01 [notice] 1#1: start worker process 30
2024/02/11 20:35:01 [notice] 1#1: start worker process 31
2024/02/11 20:35:01 [notice] 1#1: start worker process 32
2024/02/11 20:35:01 [notice] 1#1: start worker process 33
2024/02/11 20:35:01 [notice] 1#1: start worker process 34
2024/02/11 20:35:01 [notice] 1#1: start worker process 35
2024/02/11 20:35:01 [notice] 1#1: start worker process 36
2024/02/11 20:35:01 [notice] 1#1: start worker process 37
2024/02/11 20:35:01 [notice] 1#1: start worker process 38
2024/02/11 20:35:01 [notice] 1#1: start worker process 39
2024/02/11 20:35:01 [warn] 1#1: conflicting server name "localhost" on 0.0.0.0:80, ignored
2024/02/11 20:35:01 [notice] 1#1: using the "epoll" event method
2024/02/11 20:35:01 [notice] 1#1: nginx/1.25.3
2024/02/11 20:35:01 [notice] 1#1: built by gcc 12.2.1 20220924 (Alpine 12.2.1_git20220924-r10) 
2024/02/11 20:35:01 [notice] 1#1: OS: Linux 6.6.12-linuxkit
2024/02/11 20:35:01 [notice] 1#1: getrlimit(RLIMIT_NOFILE): 1048576:1048576
2024/02/11 20:35:01 [notice] 1#1: start worker processes
2024/02/11 20:35:01 [notice] 1#1: start worker process 29
2024/02/11 20:35:01 [notice] 1#1: start worker process 30
2024/02/11 20:35:01 [notice] 1#1: start worker process 31
2024/02/11 20:35:01 [notice] 1#1: start worker process 32
2024/02/11 20:35:01 [notice] 1#1: start worker process 33
2024/02/11 20:35:01 [notice] 1#1: start worker process 34
2024/02/11 20:35:01 [notice] 1#1: start worker process 35
2024/02/11 20:35:01 [notice] 1#1: start worker process 36
2024/02/11 20:35:01 [notice] 1#1: start worker process 37
2024/02/11 20:35:01 [notice] 1#1: start worker process 38
2024/02/11 20:37:27 [notice] 1#1: signal 3 (SIGQUIT) received, shutting down
2024/02/11 20:37:27 [notice] 1#1: signal 3 (SIGQUIT) received, shutting down
2024/02/11 20:37:27 [notice] 32#32: gracefully shutting down
2024/02/11 20:37:27 [notice] 30#30: gracefully shutting down
2024/02/11 20:37:27 [notice] 32#32: exiting
2024/02/11 20:37:27 [notice] 30#30: exiting
2024/02/11 20:37:27 [notice] 33#33: gracefully shutting down
2024/02/11 20:37:27 [notice] 34#34: gracefully shutting down
2024/02/11 20:37:27 [notice] 36#36: gracefully shutting down
2024/02/11 20:37:27 [notice] 34#34: gracefully shutting down
2024/02/11 20:37:27 [notice] 34#34: exiting
2024/02/11 20:37:27 [notice] 36#36: exiting
2024/02/11 20:37:27 [notice] 38#38: gracefully shutting down
2024/02/11 20:37:27 [notice] 29#29: gracefully shutting down
2024/02/11 20:37:27 [notice] 31#31: gracefully shutting down
2024/02/11 20:37:27 [notice] 38#38: exiting
2024/02/11 20:37:27 [notice] 31#31: exiting
2024/02/11 20:37:27 [notice] 30#30: gracefully shutting down
2024/02/11 20:37:27 [notice] 38#38: gracefully shutting down
2024/02/11 20:37:27 [notice] 30#30: exiting
2024/02/11 20:37:27 [notice] 35#35: gracefully shutting down
2024/02/11 20:37:27 [notice] 35#35: exiting
2024/02/11 20:37:27 [notice] 37#37: gracefully shutting down
2024/02/11 20:37:27 [notice] 37#37: gracefully shutting down
2024/02/11 20:37:27 [notice] 37#37: exiting
2024/02/11 20:37:27 [notice] 37#37: exiting
2024/02/11 20:37:27 [notice] 32#32: gracefully shutting down
2024/02/11 20:37:27 [notice] 31#31: gracefully shutting down
2024/02/11 20:37:27 [notice] 30#30: exit
2024/02/11 20:37:27 [notice] 33#33: exiting
2024/02/11 20:37:27 [notice] 35#35: gracefully shutting down
2024/02/11 20:37:27 [notice] 34#34: exiting
2024/02/11 20:37:27 [notice] 35#35: exiting
2024/02/11 20:37:27 [notice] 36#36: exit
2024/02/11 20:37:27 [notice] 39#39: gracefully shutting down
2024/02/11 20:37:27 [notice] 29#29: exiting
2024/02/11 20:37:27 [notice] 36#36: gracefully shutting down
2024/02/11 20:37:27 [notice] 36#36: exiting
2024/02/11 20:37:27 [notice] 31#31: exit
2024/02/11 20:37:27 [notice] 33#33: gracefully shutting down
2024/02/11 20:37:27 [notice] 38#38: exiting
2024/02/11 20:37:27 [notice] 32#32: exit
2024/02/11 20:37:27 [notice] 35#35: exit
2024/02/11 20:37:27 [notice] 34#34: exit
2024/02/11 20:37:27 [notice] 37#37: exit
2024/02/11 20:37:27 [notice] 38#38: exit
2024/02/11 20:37:27 [notice] 32#32: exiting
2024/02/11 20:37:27 [notice] 30#30: exit
2024/02/11 20:37:27 [notice] 33#33: exit
2024/02/11 20:37:27 [notice] 37#37: exit
2024/02/11 20:37:27 [notice] 34#34: exit
2024/02/11 20:37:27 [notice] 31#31: exiting
2024/02/11 20:37:27 [notice] 29#29: exit
2024/02/11 20:37:27 [notice] 35#35: exit
2024/02/11 20:37:27 [notice] 39#39: exiting
2024/02/11 20:37:27 [notice] 38#38: exit
2024/02/11 20:37:27 [notice] 36#36: exit
2024/02/11 20:37:27 [notice] 32#32: exit
2024/02/11 20:37:27 [notice] 33#33: exiting
2024/02/11 20:37:27 [notice] 31#31: exit
2024/02/11 20:37:27 [notice] 39#39: exit
2024/02/11 20:37:27 [notice] 33#33: exit
2024/02/11 20:37:27 [notice] 1#1: signal 17 (SIGCHLD) received from 38
2024/02/11 20:37:27 [notice] 1#1: signal 17 (SIGCHLD) received from 34
2024/02/11 20:37:27 [notice] 1#1: worker process 33 exited with code 0
2024/02/11 20:37:27 [notice] 1#1: worker process 34 exited with code 0
2024/02/11 20:37:27 [notice] 1#1: worker process 38 exited with code 0
2024/02/11 20:37:27 [notice] 1#1: signal 29 (SIGIO) received
2024/02/11 20:37:27 [notice] 1#1: signal 29 (SIGIO) received
2024/02/11 20:37:27 [notice] 1#1: signal 17 (SIGCHLD) received from 35
2024/02/11 20:37:27 [notice] 1#1: worker process 30 exited with code 0
2024/02/11 20:37:27 [notice] 1#1: worker process 31 exited with code 0
2024/02/11 20:37:27 [notice] 1#1: worker process 33 exited with code 0
2024/02/11 20:37:27 [notice] 1#1: worker process 34 exited with code 0
2024/02/11 20:37:27 [notice] 1#1: worker process 35 exited with code 0
2024/02/11 20:37:27 [notice] 1#1: worker process 36 exited with code 0
2024/02/11 20:37:27 [notice] 1#1: worker process 37 exited with code 0
2024/02/11 20:37:27 [notice] 1#1: signal 17 (SIGCHLD) received from 36
2024/02/11 20:37:27 [notice] 1#1: worker process 29 exited with code 0
2024/02/11 20:37:27 [notice] 1#1: worker process 31 exited with code 0
2024/02/11 20:37:27 [notice] 1#1: worker process 36 exited with code 0
2024/02/11 20:37:27 [notice] 1#1: worker process 37 exited with code 0
2024/02/11 20:37:27 [notice] 1#1: signal 29 (SIGIO) received
2024/02/11 20:37:27 [notice] 1#1: signal 17 (SIGCHLD) received from 33
2024/02/11 20:37:27 [notice] 1#1: signal 29 (SIGIO) received
2024/02/11 20:37:27 [notice] 1#1: signal 17 (SIGCHLD) received from 37
2024/02/11 20:37:27 [notice] 1#1: signal 17 (SIGCHLD) received from 30
2024/02/11 20:37:27 [notice] 1#1: worker process 30 exited with code 0
2024/02/11 20:37:27 [notice] 1#1: worker process 38 exited with code 0
2024/02/11 20:37:27 [notice] 1#1: signal 17 (SIGCHLD) received from 32
2024/02/11 20:37:27 [notice] 1#1: worker process 32 exited with code 0
2024/02/11 20:37:27 [notice] 1#1: worker process 39 exited with code 0
2024/02/11 20:37:27 [notice] 1#1: signal 29 (SIGIO) received
2024/02/11 20:37:27 [notice] 1#1: exit
2024/02/11 20:37:27 [notice] 1#1: signal 17 (SIGCHLD) received from 35
2024/02/11 20:37:27 [notice] 1#1: worker process 32 exited with code 0
2024/02/11 20:37:27 [notice] 1#1: worker process 35 exited with code 0
2024/02/11 20:37:27 [notice] 1#1: exit
